101.04.12 18:56 B C:\Documents and Settings\eray\Desktop\PythonStandardLibrary\scripts\aifc-example-1.py <-- rosetta /home/shangraw/pyth_std_lib_cdfiles/PythonStandardLibrary/scripts aifc-example-1.py
101.04.12 18:56 B C:\Documents and Settings\eray\Desktop\PythonStandardLibrary\scripts\anydbm-example-1.py <-- rosetta /home/shangraw/pyth_std_lib_cdfiles/PythonStandardLibrary/scripts anydbm-example-1.py
101.04.12 18:56 B C:\Documents and Settings\eray\Desktop\PythonStandardLibrary\scripts\array-example-1.py <-- rosetta /home/shangraw/pyth_std_lib_cdfiles/PythonStandardLibrary/scripts array-example-1.py
101.04.12 18:56 B C:\Documents and Settings\eray\Desktop\PythonStandardLibrary\scripts\array-example-2.py <-- rosetta /home/shangraw/pyth_std_lib_cdfiles/PythonStandardLibrary/scripts array-example-2.py
101.04.12 18:56 B C:\Documents and Settings\eray\Desktop\PythonStandardLibrary\scripts\array-example-3.py <-- rosetta /home/shangraw/pyth_std_lib_cdfiles/PythonStandardLibrary/scripts array-example-3.py
101.04.12 18:56 B C:\Documents and Settings\eray\Desktop\PythonStandardLibrary\scripts\array-example-4.py <-- rosetta /home/shangraw/pyth_std_lib_cdfiles/PythonStandardLibrary/scripts array-example-4.py
101.04.12 18:56 B C:\Documents and Settings\eray\Desktop\PythonStandardLibrary\scripts\asynchat-example-1.py <-- rosetta /home/shangraw/pyth_std_lib_cdfiles/PythonStandardLibrary/scripts asynchat-example-1.py
101.04.12 18:56 B C:\Documents and Settings\eray\Desktop\PythonStandardLibrary\scripts\asynchat-example-2.py <-- rosetta /home/shangraw/pyth_std_lib_cdfiles/PythonStandardLibrary/scripts asynchat-example-2.py
101.04.12 18:56 B C:\Documents and Settings\eray\Desktop\PythonStandardLibrary\scripts\asyncore-example-1.py <-- rosetta /home/shangraw/pyth_std_lib_cdfiles/PythonStandardLibrary/scripts asyncore-example-1.py
101.04.12 18:56 B C:\Documents and Settings\eray\Desktop\PythonStandardLibrary\scripts\asyncore-example-2.py <-- rosetta /home/shangraw/pyth_std_lib_cdfiles/PythonStandardLibrary/scripts asyncore-example-2.py
101.04.12 18:56 B C:\Documents and Settings\eray\Desktop\PythonStandardLibrary\scripts\asyncore-example-3.py <-- rosetta /home/shangraw/pyth_std_lib_cdfiles/PythonStandardLibrary/scripts asyncore-example-3.py
101.04.12 18:56 B C:\Documents and Settings\eray\Desktop\PythonStandardLibrary\scripts\asyncore-example-4.py <-- rosetta /home/shangraw/pyth_std_lib_cdfiles/PythonStandardLibrary/scripts asyncore-example-4.py
101.04.12 18:56 B C:\Documents and Settings\eray\Desktop\PythonStandardLibrary\scripts\atexit-example-1.py <-- rosetta /home/shangraw/pyth_std_lib_cdfiles/PythonStandardLibrary/scripts atexit-example-1.py
101.04.12 18:56 B C:\Documents and Settings\eray\Desktop\PythonStandardLibrary\scripts\audiodev-example-1.py <-- rosetta /home/shangraw/pyth_std_lib_cdfiles/PythonStandardLibrary/scripts audiodev-example-1.py
101.04.12 18:56 B C:\Documents and Settings\eray\Desktop\PythonStandardLibrary\scripts\base64-example-1.py <-- rosetta /home/shangraw/pyth_std_lib_cdfiles/PythonStandardLibrary/scripts base64-example-1.py
101.04.12 18:56 B C:\Documents and Settings\eray\Desktop\PythonStandardLibrary\scripts\base64-example-2.py <-- rosetta /home/shangraw/pyth_std_lib_cdfiles/PythonStandardLibrary/scripts base64-example-2.py
101.04.12 18:56 B C:\Documents and Settings\eray\Desktop\PythonStandardLibrary\scripts\base64-example-3.py <-- rosetta /home/shangraw/pyth_std_lib_cdfiles/PythonStandardLibrary/scripts base64-example-3.py
101.04.12 18:56 B C:\Documents and Settings\eray\Desktop\PythonStandardLibrary\scripts\base64-example-4.py <-- rosetta /home/shangraw/pyth_std_lib_cdfiles/PythonStandardLibrary/scripts base64-example-4.py
101.04.12 18:56 B C:\Documents and Settings\eray\Desktop\PythonStandardLibrary\scripts\basehttpserver-example-1.py <-- rosetta /home/shangraw/pyth_std_lib_cdfiles/PythonStandardLibrary/scripts basehttpserver-example-1.py
101.04.12 18:56 B C:\Documents and Settings\eray\Desktop\PythonStandardLibrary\scripts\bastion-example-1.py <-- rosetta /home/shangraw/pyth_std_lib_cdfiles/PythonStandardLibrary/scripts bastion-example-1.py
101.04.12 18:56 B C:\Documents and Settings\eray\Desktop\PythonStandardLibrary\scripts\bastion-example-2.py <-- rosetta /home/shangraw/pyth_std_lib_cdfiles/PythonStandardLibrary/scripts bastion-example-2.py
101.04.12 18:56 B C:\Documents and Settings\eray\Desktop\PythonStandardLibrary\scripts\bdb-example-1.py <-- rosetta /home/shangraw/pyth_std_lib_cdfiles/PythonStandardLibrary/scripts bdb-example-1.py
101.04.12 18:56 B C:\Documents and Settings\eray\Desktop\PythonStandardLibrary\scripts\binascii-example-1.py <-- rosetta /home/shangraw/pyth_std_lib_cdfiles/PythonStandardLibrary/scripts binascii-example-1.py
101.04.12 18:56 B C:\Documents and Settings\eray\Desktop\PythonStandardLibrary\scripts\binhex-example-1.py <-- rosetta /home/shangraw/pyth_std_lib_cdfiles/PythonStandardLibrary/scripts binhex-example-1.py
101.04.12 18:56 B C:\Documents and Settings\eray\Desktop\PythonStandardLibrary\scripts\bisect-example-1.py <-- rosetta /home/shangraw/pyth_std_lib_cdfiles/PythonStandardLibrary/scripts bisect-example-1.py
101.04.12 18:56 B C:\Documents and Settings\eray\Desktop\PythonStandardLibrary\scripts\bisect-example-2.py <-- rosetta /home/shangraw/pyth_std_lib_cdfiles/PythonStandardLibrary/scripts bisect-example-2.py
101.04.12 18:56 B C:\Documents and Settings\eray\Desktop\PythonStandardLibrary\scripts\builtin-apply-example-1.py <-- rosetta /home/shangraw/pyth_std_lib_cdfiles/PythonStandardLibrary/scripts builtin-apply-example-1.py
101.04.12 18:56 B C:\Documents and Settings\eray\Desktop\PythonStandardLibrary\scripts\builtin-apply-example-2.py <-- rosetta /home/shangraw/pyth_std_lib_cdfiles/PythonStandardLibrary/scripts builtin-apply-example-2.py
101.04.12 18:56 B C:\Documents and Settings\eray\Desktop\PythonStandardLibrary\scripts\builtin-apply-example-3.py <-- rosetta /home/shangraw/pyth_std_lib_cdfiles/PythonStandardLibrary/scripts builtin-apply-example-3.py
101.04.12 18:56 B C:\Documents and Settings\eray\Desktop\PythonStandardLibrary\scripts\builtin-callable-example-1.py <-- rosetta /home/shangraw/pyth_std_lib_cdfiles/PythonStandardLibrary/scripts builtin-callable-example-1.py
101.04.12 18:56 B C:\Documents and Settings\eray\Desktop\PythonStandardLibrary\scripts\builtin-compile-example-1.py <-- rosetta /home/shangraw/pyth_std_lib_cdfiles/PythonStandardLibrary/scripts builtin-compile-example-1.py
101.04.12 18:56 B C:\Documents and Settings\eray\Desktop\PythonStandardLibrary\scripts\builtin-compile-example-2.py <-- rosetta /home/shangraw/pyth_std_lib_cdfiles/PythonStandardLibrary/scripts builtin-compile-example-2.py
101.04.12 18:56 B C:\Documents and Settings\eray\Desktop\PythonStandardLibrary\scripts\builtin-compile-example-3.py <-- rosetta /home/shangraw/pyth_std_lib_cdfiles/PythonStandardLibrary/scripts builtin-compile-example-3.py
101.04.12 18:56 B C:\Documents and Settings\eray\Desktop\PythonStandardLibrary\scripts\builtin-dir-example-1.py <-- rosetta /home/shangraw/pyth_std_lib_cdfiles/PythonStandardLibrary/scripts builtin-dir-example-1.py
101.04.12 18:56 B C:\Documents and Settings\eray\Desktop\PythonStandardLibrary\scripts\builtin-dir-example-2.py <-- rosetta /home/shangraw/pyth_std_lib_cdfiles/PythonStandardLibrary/scripts builtin-dir-example-2.py
101.04.12 18:56 B C:\Documents and Settings\eray\Desktop\PythonStandardLibrary\scripts\builtin-eval-example-1.py <-- rosetta /home/shangraw/pyth_std_lib_cdfiles/PythonStandardLibrary/scripts builtin-eval-example-1.py
101.04.12 18:56 B C:\Documents and Settings\eray\Desktop\PythonStandardLibrary\scripts\builtin-eval-example-2.py <-- rosetta /home/shangraw/pyth_std_lib_cdfiles/PythonStandardLibrary/scripts builtin-eval-example-2.py
101.04.12 18:56 B C:\Documents and Settings\eray\Desktop\PythonStandardLibrary\scripts\builtin-eval-example-3.py <-- rosetta /home/shangraw/pyth_std_lib_cdfiles/PythonStandardLibrary/scripts builtin-eval-example-3.py
101.04.12 18:56 B C:\Documents and Settings\eray\Desktop\PythonStandardLibrary\scripts\builtin-execfile-example-1.py <-- rosetta /home/shangraw/pyth_std_lib_cdfiles/PythonStandardLibrary/scripts builtin-execfile-example-1.py
101.04.12 18:56 B C:\Documents and Settings\eray\Desktop\PythonStandardLibrary\scripts\builtin-import-example-1.py <-- rosetta /home/shangraw/pyth_std_lib_cdfiles/PythonStandardLibrary/scripts builtin-import-example-1.py
101.04.12 18:56 B C:\Documents and Settings\eray\Desktop\PythonStandardLibrary\scripts\builtin-import-example-2.py <-- rosetta /home/shangraw/pyth_std_lib_cdfiles/PythonStandardLibrary/scripts builtin-import-example-2.py
101.04.12 18:56 B C:\Documents and Settings\eray\Desktop\PythonStandardLibrary\scripts\builtin-import-example-3.py <-- rosetta /home/shangraw/pyth_std_lib_cdfiles/PythonStandardLibrary/scripts builtin-import-example-3.py
101.04.12 18:56 B C:\Documents and Settings\eray\Desktop\PythonStandardLibrary\scripts\builtin-isinstance-example-1.py <-- rosetta /home/shangraw/pyth_std_lib_cdfiles/PythonStandardLibrary/scripts builtin-isinstance-example-1.py
101.04.12 18:56 B C:\Documents and Settings\eray\Desktop\PythonStandardLibrary\scripts\builtin-issubclass-example-1.py <-- rosetta /home/shangraw/pyth_std_lib_cdfiles/PythonStandardLibrary/scripts builtin-issubclass-example-1.py
101.04.12 18:56 B C:\Documents and Settings\eray\Desktop\PythonStandardLibrary\scripts\builtin-open-example-1.py <-- rosetta /home/shangraw/pyth_std_lib_cdfiles/PythonStandardLibrary/scripts builtin-open-example-1.py
101.04.12 18:56 B C:\Documents and Settings\eray\Desktop\PythonStandardLibrary\scripts\builtin-reload-example-1.py <-- rosetta /home/shangraw/pyth_std_lib_cdfiles/PythonStandardLibrary/scripts builtin-reload-example-1.py
101.04.12 18:56 B C:\Documents and Settings\eray\Desktop\PythonStandardLibrary\scripts\builtin-type-example-1.py <-- rosetta /home/shangraw/pyth_std_lib_cdfiles/PythonStandardLibrary/scripts builtin-type-example-1.py
101.04.12 18:56 B C:\Documents and Settings\eray\Desktop\PythonStandardLibrary\scripts\builtin-type-example-2.py <-- rosetta /home/shangraw/pyth_std_lib_cdfiles/PythonStandardLibrary/scripts builtin-type-example-2.py
101.04.12 18:56 B C:\Documents and Settings\eray\Desktop\PythonStandardLibrary\scripts\builtin-vars-example-1.py <-- rosetta /home/shangraw/pyth_std_lib_cdfiles/PythonStandardLibrary/scripts builtin-vars-example-1.py
101.04.12 18:56 B C:\Documents and Settings\eray\Desktop\PythonStandardLibrary\scripts\calendar-example-1.py <-- rosetta /home/shangraw/pyth_std_lib_cdfiles/PythonStandardLibrary/scripts calendar-example-1.py
101.04.12 18:56 B C:\Documents and Settings\eray\Desktop\PythonStandardLibrary\scripts\calendar-example-2.py <-- rosetta /home/shangraw/pyth_std_lib_cdfiles/PythonStandardLibrary/scripts calendar-example-2.py
101.04.12 18:56 B C:\Documents and Settings\eray\Desktop\PythonStandardLibrary\scripts\cgi-example-1.py <-- rosetta /home/shangraw/pyth_std_lib_cdfiles/PythonStandardLibrary/scripts cgi-example-1.py
101.04.12 18:56 B C:\Documents and Settings\eray\Desktop\PythonStandardLibrary\scripts\cgihttpserver-example-1.py <-- rosetta /home/shangraw/pyth_std_lib_cdfiles/PythonStandardLibrary/scripts cgihttpserver-example-1.py
101.04.12 18:56 B C:\Documents and Settings\eray\Desktop\PythonStandardLibrary\scripts\cmath-example-1.py <-- rosetta /home/shangraw/pyth_std_lib_cdfiles/PythonStandardLibrary/scripts cmath-example-1.py
101.04.12 18:56 B C:\Documents and Settings\eray\Desktop\PythonStandardLibrary\scripts\cmd-example-1.py <-- rosetta /home/shangraw/pyth_std_lib_cdfiles/PythonStandardLibrary/scripts cmd-example-1.py
101.04.12 18:56 B C:\Documents and Settings\eray\Desktop\PythonStandardLibrary\scripts\cmp-example-1.py <-- rosetta /home/shangraw/pyth_std_lib_cdfiles/PythonStandardLibrary/scripts cmp-example-1.py
101.04.12 18:56 B C:\Documents and Settings\eray\Desktop\PythonStandardLibrary\scripts\cmpcache-example-1.py <-- rosetta /home/shangraw/pyth_std_lib_cdfiles/PythonStandardLibrary/scripts cmpcache-example-1.py
101.04.12 18:56 B C:\Documents and Settings\eray\Desktop\PythonStandardLibrary\scripts\code-example-1.py <-- rosetta /home/shangraw/pyth_std_lib_cdfiles/PythonStandardLibrary/scripts code-example-1.py
101.04.12 18:56 B C:\Documents and Settings\eray\Desktop\PythonStandardLibrary\scripts\code-example-2.py <-- rosetta /home/shangraw/pyth_std_lib_cdfiles/PythonStandardLibrary/scripts code-example-2.py
101.04.12 18:56 B C:\Documents and Settings\eray\Desktop\PythonStandardLibrary\scripts\code-example-3.py <-- rosetta /home/shangraw/pyth_std_lib_cdfiles/PythonStandardLibrary/scripts code-example-3.py
101.04.12 18:56 B C:\Documents and Settings\eray\Desktop\PythonStandardLibrary\scripts\colorsys-example-1.py <-- rosetta /home/shangraw/pyth_std_lib_cdfiles/PythonStandardLibrary/scripts colorsys-example-1.py
101.04.12 18:56 B C:\Documents and Settings\eray\Desktop\PythonStandardLibrary\scripts\commands-example-1.py <-- rosetta /home/shangraw/pyth_std_lib_cdfiles/PythonStandardLibrary/scripts commands-example-1.py
101.04.12 18:56 B C:\Documents and Settings\eray\Desktop\PythonStandardLibrary\scripts\compileall-example-1.py <-- rosetta /home/shangraw/pyth_std_lib_cdfiles/PythonStandardLibrary/scripts compileall-example-1.py
101.04.12 18:56 B C:\Documents and Settings\eray\Desktop\PythonStandardLibrary\scripts\configparser-example-1.py <-- rosetta /home/shangraw/pyth_std_lib_cdfiles/PythonStandardLibrary/scripts configparser-example-1.py
101.04.12 18:56 B C:\Documents and Settings\eray\Desktop\PythonStandardLibrary\scripts\configparser-example-2.py <-- rosetta /home/shangraw/pyth_std_lib_cdfiles/PythonStandardLibrary/scripts configparser-example-2.py
101.04.12 18:56 B C:\Documents and Settings\eray\Desktop\PythonStandardLibrary\scripts\cookie-example-1.py <-- rosetta /home/shangraw/pyth_std_lib_cdfiles/PythonStandardLibrary/scripts cookie-example-1.py
101.04.12 18:56 B C:\Documents and Settings\eray\Desktop\PythonStandardLibrary\scripts\copy-example-1.py <-- rosetta /home/shangraw/pyth_std_lib_cdfiles/PythonStandardLibrary/scripts copy-example-1.py
101.04.12 18:56 B C:\Documents and Settings\eray\Desktop\PythonStandardLibrary\scripts\copy-example-2.py <-- rosetta /home/shangraw/pyth_std_lib_cdfiles/PythonStandardLibrary/scripts copy-example-2.py
101.04.12 18:56 B C:\Documents and Settings\eray\Desktop\PythonStandardLibrary\scripts\copy-reg-example-1.py <-- rosetta /home/shangraw/pyth_std_lib_cdfiles/PythonStandardLibrary/scripts copy-reg-example-1.py
101.04.12 18:56 B C:\Documents and Settings\eray\Desktop\PythonStandardLibrary\scripts\copy-reg-example-2.py <-- rosetta /home/shangraw/pyth_std_lib_cdfiles/PythonStandardLibrary/scripts copy-reg-example-2.py
101.04.12 18:56 B C:\Documents and Settings\eray\Desktop\PythonStandardLibrary\scripts\copy-reg-example-3.py <-- rosetta /home/shangraw/pyth_std_lib_cdfiles/PythonStandardLibrary/scripts copy-reg-example-3.py
101.04.12 18:56 B C:\Documents and Settings\eray\Desktop\PythonStandardLibrary\scripts\cpickle-example-1.py <-- rosetta /home/shangraw/pyth_std_lib_cdfiles/PythonStandardLibrary/scripts cpickle-example-1.py
101.04.12 18:56 B C:\Documents and Settings\eray\Desktop\PythonStandardLibrary\scripts\crypt-example-1.py <-- rosetta /home/shangraw/pyth_std_lib_cdfiles/PythonStandardLibrary/scripts crypt-example-1.py
101.04.12 18:56 B C:\Documents and Settings\eray\Desktop\PythonStandardLibrary\scripts\crypt-example-2.py <-- rosetta /home/shangraw/pyth_std_lib_cdfiles/PythonStandardLibrary/scripts crypt-example-2.py
101.04.12 18:56 B C:\Documents and Settings\eray\Desktop\PythonStandardLibrary\scripts\cstringio-example-1.py <-- rosetta /home/shangraw/pyth_std_lib_cdfiles/PythonStandardLibrary/scripts cstringio-example-1.py
101.04.12 18:56 B C:\Documents and Settings\eray\Desktop\PythonStandardLibrary\scripts\cstringio-example-2.py <-- rosetta /home/shangraw/pyth_std_lib_cdfiles/PythonStandardLibrary/scripts cstringio-example-2.py
101.04.12 18:56 B C:\Documents and Settings\eray\Desktop\PythonStandardLibrary\scripts\curses-example-1.py <-- rosetta /home/shangraw/pyth_std_lib_cdfiles/PythonStandardLibrary/scripts curses-example-1.py
101.04.12 18:56 B C:\Documents and Settings\eray\Desktop\PythonStandardLibrary\scripts\dbhash-example-1.py <-- rosetta /home/shangraw/pyth_std_lib_cdfiles/PythonStandardLibrary/scripts dbhash-example-1.py
101.04.12 18:56 B C:\Documents and Settings\eray\Desktop\PythonStandardLibrary\scripts\dbm-example-1.py <-- rosetta /home/shangraw/pyth_std_lib_cdfiles/PythonStandardLibrary/scripts dbm-example-1.py
101.04.12 18:56 B C:\Documents and Settings\eray\Desktop\PythonStandardLibrary\scripts\dircache-example-1.py <-- rosetta /home/shangraw/pyth_std_lib_cdfiles/PythonStandardLibrary/scripts dircache-example-1.py
101.04.12 18:56 B C:\Documents and Settings\eray\Desktop\PythonStandardLibrary\scripts\dircmp-example-1.py <-- rosetta /home/shangraw/pyth_std_lib_cdfiles/PythonStandardLibrary/scripts dircmp-example-1.py
101.04.12 18:56 B C:\Documents and Settings\eray\Desktop\PythonStandardLibrary\scripts\dis-example-1.py <-- rosetta /home/shangraw/pyth_std_lib_cdfiles/PythonStandardLibrary/scripts dis-example-1.py
101.04.12 18:56 B C:\Documents and Settings\eray\Desktop\PythonStandardLibrary\scripts\dospath-example-1.py <-- rosetta /home/shangraw/pyth_std_lib_cdfiles/PythonStandardLibrary/scripts dospath-example-1.py
101.04.12 18:56 B C:\Documents and Settings\eray\Desktop\PythonStandardLibrary\scripts\dumbdbm-example-1.py <-- rosetta /home/shangraw/pyth_std_lib_cdfiles/PythonStandardLibrary/scripts dumbdbm-example-1.py
101.04.12 18:56 B C:\Documents and Settings\eray\Desktop\PythonStandardLibrary\scripts\errno-example-1.py <-- rosetta /home/shangraw/pyth_std_lib_cdfiles/PythonStandardLibrary/scripts errno-example-1.py
101.04.12 18:56 B C:\Documents and Settings\eray\Desktop\PythonStandardLibrary\scripts\errno-example-2.py <-- rosetta /home/shangraw/pyth_std_lib_cdfiles/PythonStandardLibrary/scripts errno-example-2.py
101.04.12 18:56 B C:\Documents and Settings\eray\Desktop\PythonStandardLibrary\scripts\example-plugin.py <-- rosetta /home/shangraw/pyth_std_lib_cdfiles/PythonStandardLibrary/scripts example-plugin.py
101.04.12 18:56 B C:\Documents and Settings\eray\Desktop\PythonStandardLibrary\scripts\exceptions-example-1.py <-- rosetta /home/shangraw/pyth_std_lib_cdfiles/PythonStandardLibrary/scripts exceptions-example-1.py
101.04.12 18:56 B C:\Documents and Settings\eray\Desktop\PythonStandardLibrary\scripts\fcntl-example-1.py <-- rosetta /home/shangraw/pyth_std_lib_cdfiles/PythonStandardLibrary/scripts fcntl-example-1.py
101.04.12 18:56 B C:\Documents and Settings\eray\Desktop\PythonStandardLibrary\scripts\filecmp-example-1.py <-- rosetta /home/shangraw/pyth_std_lib_cdfiles/PythonStandardLibrary/scripts filecmp-example-1.py
101.04.12 18:56 B C:\Documents and Settings\eray\Desktop\PythonStandardLibrary\scripts\fileinput-example-1.py <-- rosetta /home/shangraw/pyth_std_lib_cdfiles/PythonStandardLibrary/scripts fileinput-example-1.py
101.04.12 18:56 B C:\Documents and Settings\eray\Desktop\PythonStandardLibrary\scripts\fileinput-example-2.py <-- rosetta /home/shangraw/pyth_std_lib_cdfiles/PythonStandardLibrary/scripts fileinput-example-2.py
101.04.12 18:56 B C:\Documents and Settings\eray\Desktop\PythonStandardLibrary\scripts\fileinput-example-3.py <-- rosetta /home/shangraw/pyth_std_lib_cdfiles/PythonStandardLibrary/scripts fileinput-example-3.py
101.04.12 18:56 B C:\Documents and Settings\eray\Desktop\PythonStandardLibrary\scripts\find-example-1.py <-- rosetta /home/shangraw/pyth_std_lib_cdfiles/PythonStandardLibrary/scripts find-example-1.py
101.04.12 18:56 B C:\Documents and Settings\eray\Desktop\PythonStandardLibrary\scripts\fnmatch-example-1.py <-- rosetta /home/shangraw/pyth_std_lib_cdfiles/PythonStandardLibrary/scripts fnmatch-example-1.py
101.04.12 18:56 B C:\Documents and Settings\eray\Desktop\PythonStandardLibrary\scripts\fnmatch-example-2.py <-- rosetta /home/shangraw/pyth_std_lib_cdfiles/PythonStandardLibrary/scripts fnmatch-example-2.py
101.04.12 18:56 B C:\Documents and Settings\eray\Desktop\PythonStandardLibrary\scripts\formatter-example-1.py <-- rosetta /home/shangraw/pyth_std_lib_cdfiles/PythonStandardLibrary/scripts formatter-example-1.py
101.04.12 18:56 B C:\Documents and Settings\eray\Desktop\PythonStandardLibrary\scripts\formatter-example-2.py <-- rosetta /home/shangraw/pyth_std_lib_cdfiles/PythonStandardLibrary/scripts formatter-example-2.py
101.04.12 18:56 B C:\Documents and Settings\eray\Desktop\PythonStandardLibrary\scripts\formatter-example-3.py <-- rosetta /home/shangraw/pyth_std_lib_cdfiles/PythonStandardLibrary/scripts formatter-example-3.py
101.04.12 18:56 B C:\Documents and Settings\eray\Desktop\PythonStandardLibrary\scripts\ftplib-example-1.py <-- rosetta /home/shangraw/pyth_std_lib_cdfiles/PythonStandardLibrary/scripts ftplib-example-1.py
101.04.12 18:56 B C:\Documents and Settings\eray\Desktop\PythonStandardLibrary\scripts\ftplib-example-2.py <-- rosetta /home/shangraw/pyth_std_lib_cdfiles/PythonStandardLibrary/scripts ftplib-example-2.py
101.04.12 18:56 B C:\Documents and Settings\eray\Desktop\PythonStandardLibrary\scripts\ftplib-example-3.py <-- rosetta /home/shangraw/pyth_std_lib_cdfiles/PythonStandardLibrary/scripts ftplib-example-3.py
101.04.12 18:56 B C:\Documents and Settings\eray\Desktop\PythonStandardLibrary\scripts\gc-example-1.py <-- rosetta /home/shangraw/pyth_std_lib_cdfiles/PythonStandardLibrary/scripts gc-example-1.py
101.04.12 18:56 B C:\Documents and Settings\eray\Desktop\PythonStandardLibrary\scripts\gdbm-example-1.py <-- rosetta /home/shangraw/pyth_std_lib_cdfiles/PythonStandardLibrary/scripts gdbm-example-1.py
101.04.12 18:56 B C:\Documents and Settings\eray\Desktop\PythonStandardLibrary\scripts\getopt-example-1.py <-- rosetta /home/shangraw/pyth_std_lib_cdfiles/PythonStandardLibrary/scripts getopt-example-1.py
101.04.12 18:56 B C:\Documents and Settings\eray\Desktop\PythonStandardLibrary\scripts\getopt-example-2.py <-- rosetta /home/shangraw/pyth_std_lib_cdfiles/PythonStandardLibrary/scripts getopt-example-2.py
101.04.12 18:56 B C:\Documents and Settings\eray\Desktop\PythonStandardLibrary\scripts\getpass-example-1.py <-- rosetta /home/shangraw/pyth_std_lib_cdfiles/PythonStandardLibrary/scripts getpass-example-1.py
101.04.12 18:56 B C:\Documents and Settings\eray\Desktop\PythonStandardLibrary\scripts\glob-example-1.py <-- rosetta /home/shangraw/pyth_std_lib_cdfiles/PythonStandardLibrary/scripts glob-example-1.py
101.04.12 18:56 B C:\Documents and Settings\eray\Desktop\PythonStandardLibrary\scripts\gopherlib-example-1.py <-- rosetta /home/shangraw/pyth_std_lib_cdfiles/PythonStandardLibrary/scripts gopherlib-example-1.py
101.04.12 18:56 B C:\Documents and Settings\eray\Desktop\PythonStandardLibrary\scripts\grep-example-1.py <-- rosetta /home/shangraw/pyth_std_lib_cdfiles/PythonStandardLibrary/scripts grep-example-1.py
101.04.12 18:56 B C:\Documents and Settings\eray\Desktop\PythonStandardLibrary\scripts\grp-example-1.py <-- rosetta /home/shangraw/pyth_std_lib_cdfiles/PythonStandardLibrary/scripts grp-example-1.py
101.04.12 18:56 B C:\Documents and Settings\eray\Desktop\PythonStandardLibrary\scripts\grp-example-2.py <-- rosetta /home/shangraw/pyth_std_lib_cdfiles/PythonStandardLibrary/scripts grp-example-2.py
101.04.12 18:56 B C:\Documents and Settings\eray\Desktop\PythonStandardLibrary\scripts\gzip-example-1.py <-- rosetta /home/shangraw/pyth_std_lib_cdfiles/PythonStandardLibrary/scripts gzip-example-1.py
101.04.12 18:56 B C:\Documents and Settings\eray\Desktop\PythonStandardLibrary\scripts\gzip-example-2.py <-- rosetta /home/shangraw/pyth_std_lib_cdfiles/PythonStandardLibrary/scripts gzip-example-2.py
101.04.12 18:56 B C:\Documents and Settings\eray\Desktop\PythonStandardLibrary\scripts\hello.py <-- rosetta /home/shangraw/pyth_std_lib_cdfiles/PythonStandardLibrary/scripts hello.py
101.04.12 18:56 B C:\Documents and Settings\eray\Desktop\PythonStandardLibrary\scripts\htmlentitydefs-example-1.py <-- rosetta /home/shangraw/pyth_std_lib_cdfiles/PythonStandardLibrary/scripts htmlentitydefs-example-1.py
101.04.12 18:56 B C:\Documents and Settings\eray\Desktop\PythonStandardLibrary\scripts\htmlentitydefs-example-2.py <-- rosetta /home/shangraw/pyth_std_lib_cdfiles/PythonStandardLibrary/scripts htmlentitydefs-example-2.py
101.04.12 18:56 B C:\Documents and Settings\eray\Desktop\PythonStandardLibrary\scripts\htmlentitydefs-example-3.py <-- rosetta /home/shangraw/pyth_std_lib_cdfiles/PythonStandardLibrary/scripts htmlentitydefs-example-3.py
101.04.12 18:56 B C:\Documents and Settings\eray\Desktop\PythonStandardLibrary\scripts\htmllib-example-1.py <-- rosetta /home/shangraw/pyth_std_lib_cdfiles/PythonStandardLibrary/scripts htmllib-example-1.py
101.04.12 18:56 B C:\Documents and Settings\eray\Desktop\PythonStandardLibrary\scripts\httplib-example-1.py <-- rosetta /home/shangraw/pyth_std_lib_cdfiles/PythonStandardLibrary/scripts httplib-example-1.py
101.04.12 18:56 B C:\Documents and Settings\eray\Desktop\PythonStandardLibrary\scripts\httplib-example-2.py <-- rosetta /home/shangraw/pyth_std_lib_cdfiles/PythonStandardLibrary/scripts httplib-example-2.py
101.04.12 18:56 B C:\Documents and Settings\eray\Desktop\PythonStandardLibrary\scripts\ihooks-example-1.py <-- rosetta /home/shangraw/pyth_std_lib_cdfiles/PythonStandardLibrary/scripts ihooks-example-1.py
101.04.12 18:56 B C:\Documents and Settings\eray\Desktop\PythonStandardLibrary\scripts\imaplib-example-1.py <-- rosetta /home/shangraw/pyth_std_lib_cdfiles/PythonStandardLibrary/scripts imaplib-example-1.py
101.04.12 18:56 B C:\Documents and Settings\eray\Desktop\PythonStandardLibrary\scripts\imghdr-example-1.py <-- rosetta /home/shangraw/pyth_std_lib_cdfiles/PythonStandardLibrary/scripts imghdr-example-1.py
101.04.12 18:56 B C:\Documents and Settings\eray\Desktop\PythonStandardLibrary\scripts\imp-example-1.py <-- rosetta /home/shangraw/pyth_std_lib_cdfiles/PythonStandardLibrary/scripts imp-example-1.py
101.04.12 18:56 B C:\Documents and Settings\eray\Desktop\PythonStandardLibrary\scripts\keyword-example-1.py <-- rosetta /home/shangraw/pyth_std_lib_cdfiles/PythonStandardLibrary/scripts keyword-example-1.py
101.04.12 18:56 B C:\Documents and Settings\eray\Desktop\PythonStandardLibrary\scripts\knee-example-1.py <-- rosetta /home/shangraw/pyth_std_lib_cdfiles/PythonStandardLibrary/scripts knee-example-1.py
101.04.12 18:56 B C:\Documents and Settings\eray\Desktop\PythonStandardLibrary\scripts\linecache-example-1.py <-- rosetta /home/shangraw/pyth_std_lib_cdfiles/PythonStandardLibrary/scripts linecache-example-1.py
101.04.12 18:56 B C:\Documents and Settings\eray\Desktop\PythonStandardLibrary\scripts\locale-example-1.py <-- rosetta /home/shangraw/pyth_std_lib_cdfiles/PythonStandardLibrary/scripts locale-example-1.py
101.04.12 18:56 B C:\Documents and Settings\eray\Desktop\PythonStandardLibrary\scripts\locale-example-2.py <-- rosetta /home/shangraw/pyth_std_lib_cdfiles/PythonStandardLibrary/scripts locale-example-2.py
101.04.12 18:56 B C:\Documents and Settings\eray\Desktop\PythonStandardLibrary\scripts\macpath-example-1.py <-- rosetta /home/shangraw/pyth_std_lib_cdfiles/PythonStandardLibrary/scripts macpath-example-1.py
101.04.12 18:56 B C:\Documents and Settings\eray\Desktop\PythonStandardLibrary\scripts\macurl2path-example-1.py <-- rosetta /home/shangraw/pyth_std_lib_cdfiles/PythonStandardLibrary/scripts macurl2path-example-1.py
101.04.12 18:56 B C:\Documents and Settings\eray\Desktop\PythonStandardLibrary\scripts\mailbox-example-1.py <-- rosetta /home/shangraw/pyth_std_lib_cdfiles/PythonStandardLibrary/scripts mailbox-example-1.py
101.04.12 18:56 B C:\Documents and Settings\eray\Desktop\PythonStandardLibrary\scripts\mailcap-example-1.py <-- rosetta /home/shangraw/pyth_std_lib_cdfiles/PythonStandardLibrary/scripts mailcap-example-1.py
101.04.12 18:56 B C:\Documents and Settings\eray\Desktop\PythonStandardLibrary\scripts\mailcap-example-2.py <-- rosetta /home/shangraw/pyth_std_lib_cdfiles/PythonStandardLibrary/scripts mailcap-example-2.py
101.04.12 18:56 B C:\Documents and Settings\eray\Desktop\PythonStandardLibrary\scripts\marshal-example-1.py <-- rosetta /home/shangraw/pyth_std_lib_cdfiles/PythonStandardLibrary/scripts marshal-example-1.py
101.04.12 18:56 B C:\Documents and Settings\eray\Desktop\PythonStandardLibrary\scripts\marshal-example-2.py <-- rosetta /home/shangraw/pyth_std_lib_cdfiles/PythonStandardLibrary/scripts marshal-example-2.py
101.04.12 18:56 B C:\Documents and Settings\eray\Desktop\PythonStandardLibrary\scripts\math-example-1.py <-- rosetta /home/shangraw/pyth_std_lib_cdfiles/PythonStandardLibrary/scripts math-example-1.py
101.04.12 18:56 B C:\Documents and Settings\eray\Desktop\PythonStandardLibrary\scripts\md5-example-1.py <-- rosetta /home/shangraw/pyth_std_lib_cdfiles/PythonStandardLibrary/scripts md5-example-1.py
101.04.12 18:56 B C:\Documents and Settings\eray\Desktop\PythonStandardLibrary\scripts\md5-example-2.py <-- rosetta /home/shangraw/pyth_std_lib_cdfiles/PythonStandardLibrary/scripts md5-example-2.py
101.04.12 18:56 B C:\Documents and Settings\eray\Desktop\PythonStandardLibrary\scripts\md5-example-3.py <-- rosetta /home/shangraw/pyth_std_lib_cdfiles/PythonStandardLibrary/scripts md5-example-3.py
101.04.12 18:56 B C:\Documents and Settings\eray\Desktop\PythonStandardLibrary\scripts\md5-example-4.py <-- rosetta /home/shangraw/pyth_std_lib_cdfiles/PythonStandardLibrary/scripts md5-example-4.py
101.04.12 18:56 B C:\Documents and Settings\eray\Desktop\PythonStandardLibrary\scripts\mimetools-example-1.py <-- rosetta /home/shangraw/pyth_std_lib_cdfiles/PythonStandardLibrary/scripts mimetools-example-1.py
101.04.12 18:56 B C:\Documents and Settings\eray\Desktop\PythonStandardLibrary\scripts\mimetypes-example-1.py <-- rosetta /home/shangraw/pyth_std_lib_cdfiles/PythonStandardLibrary/scripts mimetypes-example-1.py
101.04.12 18:56 B C:\Documents and Settings\eray\Desktop\PythonStandardLibrary\scripts\mimewriter-example-1.py <-- rosetta /home/shangraw/pyth_std_lib_cdfiles/PythonStandardLibrary/scripts mimewriter-example-1.py
101.04.12 18:56 B C:\Documents and Settings\eray\Desktop\PythonStandardLibrary\scripts\mimewriter-example-2.py <-- rosetta /home/shangraw/pyth_std_lib_cdfiles/PythonStandardLibrary/scripts mimewriter-example-2.py
101.04.12 18:56 B C:\Documents and Settings\eray\Desktop\PythonStandardLibrary\scripts\mimify-example-1.py <-- rosetta /home/shangraw/pyth_std_lib_cdfiles/PythonStandardLibrary/scripts mimify-example-1.py
101.04.12 18:56 B C:\Documents and Settings\eray\Desktop\PythonStandardLibrary\scripts\mimify-example-2.py <-- rosetta /home/shangraw/pyth_std_lib_cdfiles/PythonStandardLibrary/scripts mimify-example-2.py
101.04.12 18:56 B C:\Documents and Settings\eray\Desktop\PythonStandardLibrary\scripts\mmap-example-1.py <-- rosetta /home/shangraw/pyth_std_lib_cdfiles/PythonStandardLibrary/scripts mmap-example-1.py
101.04.12 18:56 B C:\Documents and Settings\eray\Desktop\PythonStandardLibrary\scripts\mmap-example-2.py <-- rosetta /home/shangraw/pyth_std_lib_cdfiles/PythonStandardLibrary/scripts mmap-example-2.py
101.04.12 18:56 B C:\Documents and Settings\eray\Desktop\PythonStandardLibrary\scripts\msvcrt-example-1.py <-- rosetta /home/shangraw/pyth_std_lib_cdfiles/PythonStandardLibrary/scripts msvcrt-example-1.py
101.04.12 18:57 B C:\Documents and Settings\eray\Desktop\PythonStandardLibrary\scripts\msvcrt-example-2.py <-- rosetta /home/shangraw/pyth_std_lib_cdfiles/PythonStandardLibrary/scripts msvcrt-example-2.py
101.04.12 18:57 B C:\Documents and Settings\eray\Desktop\PythonStandardLibrary\scripts\msvcrt-example-3.py <-- rosetta /home/shangraw/pyth_std_lib_cdfiles/PythonStandardLibrary/scripts msvcrt-example-3.py
101.04.12 18:57 B C:\Documents and Settings\eray\Desktop\PythonStandardLibrary\scripts\multifile-example-1.py <-- rosetta /home/shangraw/pyth_std_lib_cdfiles/PythonStandardLibrary/scripts multifile-example-1.py
101.04.12 18:57 B C:\Documents and Settings\eray\Desktop\PythonStandardLibrary\scripts\netrc-example-1.py <-- rosetta /home/shangraw/pyth_std_lib_cdfiles/PythonStandardLibrary/scripts netrc-example-1.py
101.04.12 18:57 B C:\Documents and Settings\eray\Desktop\PythonStandardLibrary\scripts\new-example-1.py <-- rosetta /home/shangraw/pyth_std_lib_cdfiles/PythonStandardLibrary/scripts new-example-1.py
101.04.12 18:57 B C:\Documents and Settings\eray\Desktop\PythonStandardLibrary\scripts\nis-example-1.py <-- rosetta /home/shangraw/pyth_std_lib_cdfiles/PythonStandardLibrary/scripts nis-example-1.py
101.04.12 18:57 B C:\Documents and Settings\eray\Desktop\PythonStandardLibrary\scripts\nntplib-example-1.py <-- rosetta /home/shangraw/pyth_std_lib_cdfiles/PythonStandardLibrary/scripts nntplib-example-1.py
101.04.12 18:57 B C:\Documents and Settings\eray\Desktop\PythonStandardLibrary\scripts\nntplib-example-2.py <-- rosetta /home/shangraw/pyth_std_lib_cdfiles/PythonStandardLibrary/scripts nntplib-example-2.py
101.04.12 18:57 B C:\Documents and Settings\eray\Desktop\PythonStandardLibrary\scripts\nntplib-example-3.py <-- rosetta /home/shangraw/pyth_std_lib_cdfiles/PythonStandardLibrary/scripts nntplib-example-3.py
101.04.12 18:57 B C:\Documents and Settings\eray\Desktop\PythonStandardLibrary\scripts\nt-example-1.py <-- rosetta /home/shangraw/pyth_std_lib_cdfiles/PythonStandardLibrary/scripts nt-example-1.py
101.04.12 18:57 B C:\Documents and Settings\eray\Desktop\PythonStandardLibrary\scripts\ntpath-example-1.py <-- rosetta /home/shangraw/pyth_std_lib_cdfiles/PythonStandardLibrary/scripts ntpath-example-1.py
101.04.12 18:57 B C:\Documents and Settings\eray\Desktop\PythonStandardLibrary\scripts\nturl2path-example-1.py <-- rosetta /home/shangraw/pyth_std_lib_cdfiles/PythonStandardLibrary/scripts nturl2path-example-1.py
101.04.12 18:57 B C:\Documents and Settings\eray\Desktop\PythonStandardLibrary\scripts\nturl2path-example-2.py <-- rosetta /home/shangraw/pyth_std_lib_cdfiles/PythonStandardLibrary/scripts nturl2path-example-2.py
101.04.12 18:57 B C:\Documents and Settings\eray\Desktop\PythonStandardLibrary\scripts\operator-example-1.py <-- rosetta /home/shangraw/pyth_std_lib_cdfiles/PythonStandardLibrary/scripts operator-example-1.py
101.04.12 18:57 B C:\Documents and Settings\eray\Desktop\PythonStandardLibrary\scripts\operator-example-2.py <-- rosetta /home/shangraw/pyth_std_lib_cdfiles/PythonStandardLibrary/scripts operator-example-2.py
101.04.12 18:57 B C:\Documents and Settings\eray\Desktop\PythonStandardLibrary\scripts\os-example-1.py <-- rosetta /home/shangraw/pyth_std_lib_cdfiles/PythonStandardLibrary/scripts os-example-1.py
101.04.12 18:57 B C:\Documents and Settings\eray\Desktop\PythonStandardLibrary\scripts\os-example-14.py <-- rosetta /home/shangraw/pyth_std_lib_cdfiles/PythonStandardLibrary/scripts os-example-14.py
101.04.12 18:57 B C:\Documents and Settings\eray\Desktop\PythonStandardLibrary\scripts\os-example-2.py <-- rosetta /home/shangraw/pyth_std_lib_cdfiles/PythonStandardLibrary/scripts os-example-2.py
101.04.12 18:57 B C:\Documents and Settings\eray\Desktop\PythonStandardLibrary\scripts\os-example-3.py <-- rosetta /home/shangraw/pyth_std_lib_cdfiles/PythonStandardLibrary/scripts os-example-3.py
101.04.12 18:57 B C:\Documents and Settings\eray\Desktop\PythonStandardLibrary\scripts\os-example-4.py <-- rosetta /home/shangraw/pyth_std_lib_cdfiles/PythonStandardLibrary/scripts os-example-4.py
101.04.12 18:57 B C:\Documents and Settings\eray\Desktop\PythonStandardLibrary\scripts\os-example-5.py <-- rosetta /home/shangraw/pyth_std_lib_cdfiles/PythonStandardLibrary/scripts os-example-5.py
101.04.12 18:57 B C:\Documents and Settings\eray\Desktop\PythonStandardLibrary\scripts\os-example-6.py <-- rosetta /home/shangraw/pyth_std_lib_cdfiles/PythonStandardLibrary/scripts os-example-6.py
101.04.12 18:57 B C:\Documents and Settings\eray\Desktop\PythonStandardLibrary\scripts\os-example-7.py <-- rosetta /home/shangraw/pyth_std_lib_cdfiles/PythonStandardLibrary/scripts os-example-7.py
101.04.12 18:57 B C:\Documents and Settings\eray\Desktop\PythonStandardLibrary\scripts\os-example-8.py <-- rosetta /home/shangraw/pyth_std_lib_cdfiles/PythonStandardLibrary/scripts os-example-8.py
101.04.12 18:57 B C:\Documents and Settings\eray\Desktop\PythonStandardLibrary\scripts\os-example-9.py <-- rosetta /home/shangraw/pyth_std_lib_cdfiles/PythonStandardLibrary/scripts os-example-9.py
101.04.12 18:57 B C:\Documents and Settings\eray\Desktop\PythonStandardLibrary\scripts\os-exec-example-1.py <-- rosetta /home/shangraw/pyth_std_lib_cdfiles/PythonStandardLibrary/scripts os-exec-example-1.py
101.04.12 18:57 B C:\Documents and Settings\eray\Desktop\PythonStandardLibrary\scripts\os-exec-example-2.py <-- rosetta /home/shangraw/pyth_std_lib_cdfiles/PythonStandardLibrary/scripts os-exec-example-2.py
101.04.12 18:57 B C:\Documents and Settings\eray\Desktop\PythonStandardLibrary\scripts\os-path-example-1.py <-- rosetta /home/shangraw/pyth_std_lib_cdfiles/PythonStandardLibrary/scripts os-path-example-1.py
101.04.12 18:57 B C:\Documents and Settings\eray\Desktop\PythonStandardLibrary\scripts\os-path-example-2.py <-- rosetta /home/shangraw/pyth_std_lib_cdfiles/PythonStandardLibrary/scripts os-path-example-2.py
101.04.12 18:57 B C:\Documents and Settings\eray\Desktop\PythonStandardLibrary\scripts\os-path-expanduser-example-1.py <-- rosetta /home/shangraw/pyth_std_lib_cdfiles/PythonStandardLibrary/scripts os-path-expanduser-example-1.py
101.04.12 18:57 B C:\Documents and Settings\eray\Desktop\PythonStandardLibrary\scripts\os-path-expandvars-example-1.py <-- rosetta /home/shangraw/pyth_std_lib_cdfiles/PythonStandardLibrary/scripts os-path-expandvars-example-1.py
101.04.12 18:57 B C:\Documents and Settings\eray\Desktop\PythonStandardLibrary\scripts\os-path-walk-example-1.py <-- rosetta /home/shangraw/pyth_std_lib_cdfiles/PythonStandardLibrary/scripts os-path-walk-example-1.py
101.04.12 18:57 B C:\Documents and Settings\eray\Desktop\PythonStandardLibrary\scripts\os-path-walk-example-2.py <-- rosetta /home/shangraw/pyth_std_lib_cdfiles/PythonStandardLibrary/scripts os-path-walk-example-2.py
101.04.12 18:57 B C:\Documents and Settings\eray\Desktop\PythonStandardLibrary\scripts\os-path-walk-example-3.py <-- rosetta /home/shangraw/pyth_std_lib_cdfiles/PythonStandardLibrary/scripts os-path-walk-example-3.py
101.04.12 18:57 B C:\Documents and Settings\eray\Desktop\PythonStandardLibrary\scripts\os-path-walk-example-4.py <-- rosetta /home/shangraw/pyth_std_lib_cdfiles/PythonStandardLibrary/scripts os-path-walk-example-4.py
101.04.12 18:57 B C:\Documents and Settings\eray\Desktop\PythonStandardLibrary\scripts\os-spawn-example-1.py <-- rosetta /home/shangraw/pyth_std_lib_cdfiles/PythonStandardLibrary/scripts os-spawn-example-1.py
101.04.12 18:57 B C:\Documents and Settings\eray\Desktop\PythonStandardLibrary\scripts\os-spawn-example-2.py <-- rosetta /home/shangraw/pyth_std_lib_cdfiles/PythonStandardLibrary/scripts os-spawn-example-2.py
101.04.12 18:57 B C:\Documents and Settings\eray\Desktop\PythonStandardLibrary\scripts\os-spawn-example-3.py <-- rosetta /home/shangraw/pyth_std_lib_cdfiles/PythonStandardLibrary/scripts os-spawn-example-3.py
101.04.12 18:57 B C:\Documents and Settings\eray\Desktop\PythonStandardLibrary\scripts\packmail-example-1.py <-- rosetta /home/shangraw/pyth_std_lib_cdfiles/PythonStandardLibrary/scripts packmail-example-1.py
101.04.12 18:57 B C:\Documents and Settings\eray\Desktop\PythonStandardLibrary\scripts\packmail-example-2.py <-- rosetta /home/shangraw/pyth_std_lib_cdfiles/PythonStandardLibrary/scripts packmail-example-2.py
101.04.12 18:57 B C:\Documents and Settings\eray\Desktop\PythonStandardLibrary\scripts\parser-example-1.py <-- rosetta /home/shangraw/pyth_std_lib_cdfiles/PythonStandardLibrary/scripts parser-example-1.py
101.04.12 18:57 B C:\Documents and Settings\eray\Desktop\PythonStandardLibrary\scripts\pdb-example-1.py <-- rosetta /home/shangraw/pyth_std_lib_cdfiles/PythonStandardLibrary/scripts pdb-example-1.py
101.04.12 18:57 B C:\Documents and Settings\eray\Desktop\PythonStandardLibrary\scripts\pickle-example-1.py <-- rosetta /home/shangraw/pyth_std_lib_cdfiles/PythonStandardLibrary/scripts pickle-example-1.py
101.04.12 18:57 B C:\Documents and Settings\eray\Desktop\PythonStandardLibrary\scripts\pickle-example-2.py <-- rosetta /home/shangraw/pyth_std_lib_cdfiles/PythonStandardLibrary/scripts pickle-example-2.py
101.04.12 18:57 B C:\Documents and Settings\eray\Desktop\PythonStandardLibrary\scripts\pipes-example-1.py <-- rosetta /home/shangraw/pyth_std_lib_cdfiles/PythonStandardLibrary/scripts pipes-example-1.py
101.04.12 18:57 B C:\Documents and Settings\eray\Desktop\PythonStandardLibrary\scripts\popen2-example-1.py <-- rosetta /home/shangraw/pyth_std_lib_cdfiles/PythonStandardLibrary/scripts popen2-example-1.py
101.04.12 18:57 B C:\Documents and Settings\eray\Desktop\PythonStandardLibrary\scripts\popen2-example-2.py <-- rosetta /home/shangraw/pyth_std_lib_cdfiles/PythonStandardLibrary/scripts popen2-example-2.py
101.04.12 18:57 B C:\Documents and Settings\eray\Desktop\PythonStandardLibrary\scripts\poplib-example-1.py <-- rosetta /home/shangraw/pyth_std_lib_cdfiles/PythonStandardLibrary/scripts poplib-example-1.py
101.04.12 18:57 B C:\Documents and Settings\eray\Desktop\PythonStandardLibrary\scripts\posix-example-1.py <-- rosetta /home/shangraw/pyth_std_lib_cdfiles/PythonStandardLibrary/scripts posix-example-1.py
101.04.12 18:57 B C:\Documents and Settings\eray\Desktop\PythonStandardLibrary\scripts\posixfile-example-1.py <-- rosetta /home/shangraw/pyth_std_lib_cdfiles/PythonStandardLibrary/scripts posixfile-example-1.py
101.04.12 18:57 B C:\Documents and Settings\eray\Desktop\PythonStandardLibrary\scripts\posixpath-example-1.py <-- rosetta /home/shangraw/pyth_std_lib_cdfiles/PythonStandardLibrary/scripts posixpath-example-1.py
101.04.12 18:57 B C:\Documents and Settings\eray\Desktop\PythonStandardLibrary\scripts\pprint-example-1.py <-- rosetta /home/shangraw/pyth_std_lib_cdfiles/PythonStandardLibrary/scripts pprint-example-1.py
101.04.12 18:57 B C:\Documents and Settings\eray\Desktop\PythonStandardLibrary\scripts\pre-example-1.py <-- rosetta /home/shangraw/pyth_std_lib_cdfiles/PythonStandardLibrary/scripts pre-example-1.py
101.04.12 18:57 B C:\Documents and Settings\eray\Desktop\PythonStandardLibrary\scripts\profile-example-1.py <-- rosetta /home/shangraw/pyth_std_lib_cdfiles/PythonStandardLibrary/scripts profile-example-1.py
101.04.12 18:57 B C:\Documents and Settings\eray\Desktop\PythonStandardLibrary\scripts\pstats-example-1.py <-- rosetta /home/shangraw/pyth_std_lib_cdfiles/PythonStandardLibrary/scripts pstats-example-1.py
101.04.12 18:57 B C:\Documents and Settings\eray\Desktop\PythonStandardLibrary\scripts\pwd-example-1.py <-- rosetta /home/shangraw/pyth_std_lib_cdfiles/PythonStandardLibrary/scripts pwd-example-1.py
101.04.12 18:57 B C:\Documents and Settings\eray\Desktop\PythonStandardLibrary\scripts\pwd-example-2.py <-- rosetta /home/shangraw/pyth_std_lib_cdfiles/PythonStandardLibrary/scripts pwd-example-2.py
101.04.12 18:57 B C:\Documents and Settings\eray\Desktop\PythonStandardLibrary\scripts\py-compile-example-1.py <-- rosetta /home/shangraw/pyth_std_lib_cdfiles/PythonStandardLibrary/scripts py-compile-example-1.py
101.04.12 18:57 B C:\Documents and Settings\eray\Desktop\PythonStandardLibrary\scripts\pyclbr-example-1.py <-- rosetta /home/shangraw/pyth_std_lib_cdfiles/PythonStandardLibrary/scripts pyclbr-example-1.py
101.04.12 18:57 B C:\Documents and Settings\eray\Desktop\PythonStandardLibrary\scripts\pyclbr-example-2.py <-- rosetta /home/shangraw/pyth_std_lib_cdfiles/PythonStandardLibrary/scripts pyclbr-example-2.py
101.04.12 18:57 B C:\Documents and Settings\eray\Desktop\PythonStandardLibrary\scripts\pyclbr-example-3.py <-- rosetta /home/shangraw/pyth_std_lib_cdfiles/PythonStandardLibrary/scripts pyclbr-example-3.py
101.04.12 18:57 B C:\Documents and Settings\eray\Desktop\PythonStandardLibrary\scripts\queue-example-1.py <-- rosetta /home/shangraw/pyth_std_lib_cdfiles/PythonStandardLibrary/scripts queue-example-1.py
101.04.12 18:57 B C:\Documents and Settings\eray\Desktop\PythonStandardLibrary\scripts\queue-example-2.py <-- rosetta /home/shangraw/pyth_std_lib_cdfiles/PythonStandardLibrary/scripts queue-example-2.py
101.04.12 18:57 B C:\Documents and Settings\eray\Desktop\PythonStandardLibrary\scripts\queue-example-3.py <-- rosetta /home/shangraw/pyth_std_lib_cdfiles/PythonStandardLibrary/scripts queue-example-3.py
101.04.12 18:57 B C:\Documents and Settings\eray\Desktop\PythonStandardLibrary\scripts\queue-example-4.py <-- rosetta /home/shangraw/pyth_std_lib_cdfiles/PythonStandardLibrary/scripts queue-example-4.py
101.04.12 18:57 B C:\Documents and Settings\eray\Desktop\PythonStandardLibrary\scripts\quopri-example-1.py <-- rosetta /home/shangraw/pyth_std_lib_cdfiles/PythonStandardLibrary/scripts quopri-example-1.py
101.04.12 18:57 B C:\Documents and Settings\eray\Desktop\PythonStandardLibrary\scripts\random-example-1.py <-- rosetta /home/shangraw/pyth_std_lib_cdfiles/PythonStandardLibrary/scripts random-example-1.py
101.04.12 18:57 B C:\Documents and Settings\eray\Desktop\PythonStandardLibrary\scripts\random-example-2.py <-- rosetta /home/shangraw/pyth_std_lib_cdfiles/PythonStandardLibrary/scripts random-example-2.py
101.04.12 18:57 B C:\Documents and Settings\eray\Desktop\PythonStandardLibrary\scripts\random-example-3.py <-- rosetta /home/shangraw/pyth_std_lib_cdfiles/PythonStandardLibrary/scripts random-example-3.py
101.04.12 18:57 B C:\Documents and Settings\eray\Desktop\PythonStandardLibrary\scripts\random-example-4.py <-- rosetta /home/shangraw/pyth_std_lib_cdfiles/PythonStandardLibrary/scripts random-example-4.py
101.04.12 18:57 B C:\Documents and Settings\eray\Desktop\PythonStandardLibrary\scripts\re-example-1.py <-- rosetta /home/shangraw/pyth_std_lib_cdfiles/PythonStandardLibrary/scripts re-example-1.py
101.04.12 18:57 B C:\Documents and Settings\eray\Desktop\PythonStandardLibrary\scripts\re-example-2.py <-- rosetta /home/shangraw/pyth_std_lib_cdfiles/PythonStandardLibrary/scripts re-example-2.py
101.04.12 18:57 B C:\Documents and Settings\eray\Desktop\PythonStandardLibrary\scripts\re-example-3.py <-- rosetta /home/shangraw/pyth_std_lib_cdfiles/PythonStandardLibrary/scripts re-example-3.py
101.04.12 18:57 B C:\Documents and Settings\eray\Desktop\PythonStandardLibrary\scripts\re-example-4.py <-- rosetta /home/shangraw/pyth_std_lib_cdfiles/PythonStandardLibrary/scripts re-example-4.py
101.04.12 18:57 B C:\Documents and Settings\eray\Desktop\PythonStandardLibrary\scripts\re-example-5.py <-- rosetta /home/shangraw/pyth_std_lib_cdfiles/PythonStandardLibrary/scripts re-example-5.py
101.04.12 18:57 B C:\Documents and Settings\eray\Desktop\PythonStandardLibrary\scripts\re-example-6.py <-- rosetta /home/shangraw/pyth_std_lib_cdfiles/PythonStandardLibrary/scripts re-example-6.py
101.04.12 18:57 B C:\Documents and Settings\eray\Desktop\PythonStandardLibrary\scripts\readline-example-1.py <-- rosetta /home/shangraw/pyth_std_lib_cdfiles/PythonStandardLibrary/scripts readline-example-1.py
101.04.12 18:57 B C:\Documents and Settings\eray\Desktop\PythonStandardLibrary\scripts\reconvert-example-1.py <-- rosetta /home/shangraw/pyth_std_lib_cdfiles/PythonStandardLibrary/scripts reconvert-example-1.py
101.04.12 18:57 B C:\Documents and Settings\eray\Desktop\PythonStandardLibrary\scripts\regex-example-1.py <-- rosetta /home/shangraw/pyth_std_lib_cdfiles/PythonStandardLibrary/scripts regex-example-1.py
101.04.12 18:57 B C:\Documents and Settings\eray\Desktop\PythonStandardLibrary\scripts\regex-syntax-example-1.py <-- rosetta /home/shangraw/pyth_std_lib_cdfiles/PythonStandardLibrary/scripts regex-syntax-example-1.py
101.04.12 18:57 B C:\Documents and Settings\eray\Desktop\PythonStandardLibrary\scripts\regsub-example-1.py <-- rosetta /home/shangraw/pyth_std_lib_cdfiles/PythonStandardLibrary/scripts regsub-example-1.py
101.04.12 18:57 B C:\Documents and Settings\eray\Desktop\PythonStandardLibrary\scripts\repr-example-1.py <-- rosetta /home/shangraw/pyth_std_lib_cdfiles/PythonStandardLibrary/scripts repr-example-1.py
101.04.12 18:57 B C:\Documents and Settings\eray\Desktop\PythonStandardLibrary\scripts\resource-example-1.py <-- rosetta /home/shangraw/pyth_std_lib_cdfiles/PythonStandardLibrary/scripts resource-example-1.py
101.04.12 18:57 B C:\Documents and Settings\eray\Desktop\PythonStandardLibrary\scripts\resource-example-2.py <-- rosetta /home/shangraw/pyth_std_lib_cdfiles/PythonStandardLibrary/scripts resource-example-2.py
101.04.12 18:57 B C:\Documents and Settings\eray\Desktop\PythonStandardLibrary\scripts\rexec-example-1.py <-- rosetta /home/shangraw/pyth_std_lib_cdfiles/PythonStandardLibrary/scripts rexec-example-1.py
101.04.12 18:57 B C:\Documents and Settings\eray\Desktop\PythonStandardLibrary\scripts\rfc822-example-1.py <-- rosetta /home/shangraw/pyth_std_lib_cdfiles/PythonStandardLibrary/scripts rfc822-example-1.py
101.04.12 18:57 B C:\Documents and Settings\eray\Desktop\PythonStandardLibrary\scripts\rfc822-example-2.py <-- rosetta /home/shangraw/pyth_std_lib_cdfiles/PythonStandardLibrary/scripts rfc822-example-2.py
101.04.12 18:57 B C:\Documents and Settings\eray\Desktop\PythonStandardLibrary\scripts\rfc868.txt <-- rosetta /home/shangraw/pyth_std_lib_cdfiles/PythonStandardLibrary/scripts rfc868.txt
101.04.12 18:57 B C:\Documents and Settings\eray\Desktop\PythonStandardLibrary\scripts\rlcompleter-example-1.py <-- rosetta /home/shangraw/pyth_std_lib_cdfiles/PythonStandardLibrary/scripts rlcompleter-example-1.py
101.04.12 18:57 B C:\Documents and Settings\eray\Desktop\PythonStandardLibrary\scripts\robotparser-example-1.py <-- rosetta /home/shangraw/pyth_std_lib_cdfiles/PythonStandardLibrary/scripts robotparser-example-1.py
101.04.12 18:57 B C:\Documents and Settings\eray\Desktop\PythonStandardLibrary\scripts\rotor-example-1.py <-- rosetta /home/shangraw/pyth_std_lib_cdfiles/PythonStandardLibrary/scripts rotor-example-1.py
101.04.12 18:57 B C:\Documents and Settings\eray\Desktop\PythonStandardLibrary\scripts\sched-example-1.py <-- rosetta /home/shangraw/pyth_std_lib_cdfiles/PythonStandardLibrary/scripts sched-example-1.py
101.04.12 18:57 B C:\Documents and Settings\eray\Desktop\PythonStandardLibrary\scripts\select-example-1.py <-- rosetta /home/shangraw/pyth_std_lib_cdfiles/PythonStandardLibrary/scripts select-example-1.py
101.04.12 18:57 B C:\Documents and Settings\eray\Desktop\PythonStandardLibrary\scripts\sgmllib-example-1.py <-- rosetta /home/shangraw/pyth_std_lib_cdfiles/PythonStandardLibrary/scripts sgmllib-example-1.py
101.04.12 18:57 B C:\Documents and Settings\eray\Desktop\PythonStandardLibrary\scripts\sgmllib-example-2.py <-- rosetta /home/shangraw/pyth_std_lib_cdfiles/PythonStandardLibrary/scripts sgmllib-example-2.py
101.04.12 18:57 B C:\Documents and Settings\eray\Desktop\PythonStandardLibrary\scripts\sgmllib-example-3.py <-- rosetta /home/shangraw/pyth_std_lib_cdfiles/PythonStandardLibrary/scripts sgmllib-example-3.py
101.04.12 18:57 B C:\Documents and Settings\eray\Desktop\PythonStandardLibrary\scripts\sgmllib-example-4.py <-- rosetta /home/shangraw/pyth_std_lib_cdfiles/PythonStandardLibrary/scripts sgmllib-example-4.py
101.04.12 18:57 B C:\Documents and Settings\eray\Desktop\PythonStandardLibrary\scripts\sha-example-1.py <-- rosetta /home/shangraw/pyth_std_lib_cdfiles/PythonStandardLibrary/scripts sha-example-1.py
101.04.12 18:57 B C:\Documents and Settings\eray\Desktop\PythonStandardLibrary\scripts\shelve-example-1.py <-- rosetta /home/shangraw/pyth_std_lib_cdfiles/PythonStandardLibrary/scripts shelve-example-1.py
101.04.12 18:57 B C:\Documents and Settings\eray\Desktop\PythonStandardLibrary\scripts\shelve-example-3.py <-- rosetta /home/shangraw/pyth_std_lib_cdfiles/PythonStandardLibrary/scripts shelve-example-3.py
101.04.12 18:57 B C:\Documents and Settings\eray\Desktop\PythonStandardLibrary\scripts\shlex-example-1.py <-- rosetta /home/shangraw/pyth_std_lib_cdfiles/PythonStandardLibrary/scripts shlex-example-1.py
101.04.12 18:57 B C:\Documents and Settings\eray\Desktop\PythonStandardLibrary\scripts\shutil-example-1.py <-- rosetta /home/shangraw/pyth_std_lib_cdfiles/PythonStandardLibrary/scripts shutil-example-1.py
101.04.12 18:57 B C:\Documents and Settings\eray\Desktop\PythonStandardLibrary\scripts\shutil-example-2.py <-- rosetta /home/shangraw/pyth_std_lib_cdfiles/PythonStandardLibrary/scripts shutil-example-2.py
101.04.12 18:57 B C:\Documents and Settings\eray\Desktop\PythonStandardLibrary\scripts\signal-example-1.py <-- rosetta /home/shangraw/pyth_std_lib_cdfiles/PythonStandardLibrary/scripts signal-example-1.py
101.04.12 18:57 B C:\Documents and Settings\eray\Desktop\PythonStandardLibrary\scripts\SimpleAsyncHTTP.py <-- rosetta /home/shangraw/pyth_std_lib_cdfiles/PythonStandardLibrary/scripts SimpleAsyncHTTP.py
101.04.12 18:57 B C:\Documents and Settings\eray\Desktop\PythonStandardLibrary\scripts\simplehttpserver-example-1.py <-- rosetta /home/shangraw/pyth_std_lib_cdfiles/PythonStandardLibrary/scripts simplehttpserver-example-1.py
101.04.12 18:57 B C:\Documents and Settings\eray\Desktop\PythonStandardLibrary\scripts\simplehttpserver-example-2.py <-- rosetta /home/shangraw/pyth_std_lib_cdfiles/PythonStandardLibrary/scripts simplehttpserver-example-2.py
101.04.12 18:57 B C:\Documents and Settings\eray\Desktop\PythonStandardLibrary\scripts\smtplib-example-1.py <-- rosetta /home/shangraw/pyth_std_lib_cdfiles/PythonStandardLibrary/scripts smtplib-example-1.py
101.04.12 18:57 B C:\Documents and Settings\eray\Desktop\PythonStandardLibrary\scripts\sndhdr-example-1.py <-- rosetta /home/shangraw/pyth_std_lib_cdfiles/PythonStandardLibrary/scripts sndhdr-example-1.py
101.04.12 18:57 B C:\Documents and Settings\eray\Desktop\PythonStandardLibrary\scripts\socket-example-1.py <-- rosetta /home/shangraw/pyth_std_lib_cdfiles/PythonStandardLibrary/scripts socket-example-1.py
101.04.12 18:57 B C:\Documents and Settings\eray\Desktop\PythonStandardLibrary\scripts\socket-example-2.py <-- rosetta /home/shangraw/pyth_std_lib_cdfiles/PythonStandardLibrary/scripts socket-example-2.py
101.04.12 18:57 B C:\Documents and Settings\eray\Desktop\PythonStandardLibrary\scripts\socket-example-4.py <-- rosetta /home/shangraw/pyth_std_lib_cdfiles/PythonStandardLibrary/scripts socket-example-4.py
101.04.12 18:57 B C:\Documents and Settings\eray\Desktop\PythonStandardLibrary\scripts\socket-example-5.py <-- rosetta /home/shangraw/pyth_std_lib_cdfiles/PythonStandardLibrary/scripts socket-example-5.py
101.04.12 18:57 B C:\Documents and Settings\eray\Desktop\PythonStandardLibrary\scripts\socketserver-example-1.py <-- rosetta /home/shangraw/pyth_std_lib_cdfiles/PythonStandardLibrary/scripts socketserver-example-1.py
101.04.12 18:57 B C:\Documents and Settings\eray\Desktop\PythonStandardLibrary\scripts\soundex-example-1.py <-- rosetta /home/shangraw/pyth_std_lib_cdfiles/PythonStandardLibrary/scripts soundex-example-1.py
101.04.12 18:57 B C:\Documents and Settings\eray\Desktop\PythonStandardLibrary\scripts\sre-example-1.py <-- rosetta /home/shangraw/pyth_std_lib_cdfiles/PythonStandardLibrary/scripts sre-example-1.py
101.04.12 18:57 B C:\Documents and Settings\eray\Desktop\PythonStandardLibrary\scripts\stat-example-1.py <-- rosetta /home/shangraw/pyth_std_lib_cdfiles/PythonStandardLibrary/scripts stat-example-1.py
101.04.12 18:57 B C:\Documents and Settings\eray\Desktop\PythonStandardLibrary\scripts\statcache-example-1.py <-- rosetta /home/shangraw/pyth_std_lib_cdfiles/PythonStandardLibrary/scripts statcache-example-1.py
101.04.12 18:57 B C:\Documents and Settings\eray\Desktop\PythonStandardLibrary\scripts\statvfs-example-1.py <-- rosetta /home/shangraw/pyth_std_lib_cdfiles/PythonStandardLibrary/scripts statvfs-example-1.py
101.04.12 18:57 B C:\Documents and Settings\eray\Desktop\PythonStandardLibrary\scripts\string-example-1.py <-- rosetta /home/shangraw/pyth_std_lib_cdfiles/PythonStandardLibrary/scripts string-example-1.py
101.04.12 18:57 B C:\Documents and Settings\eray\Desktop\PythonStandardLibrary\scripts\string-example-2.py <-- rosetta /home/shangraw/pyth_std_lib_cdfiles/PythonStandardLibrary/scripts string-example-2.py
101.04.12 18:57 B C:\Documents and Settings\eray\Desktop\PythonStandardLibrary\scripts\string-example-3.py <-- rosetta /home/shangraw/pyth_std_lib_cdfiles/PythonStandardLibrary/scripts string-example-3.py
101.04.12 18:57 B C:\Documents and Settings\eray\Desktop\PythonStandardLibrary\scripts\stringio-example-1.py <-- rosetta /home/shangraw/pyth_std_lib_cdfiles/PythonStandardLibrary/scripts stringio-example-1.py
101.04.12 18:57 B C:\Documents and Settings\eray\Desktop\PythonStandardLibrary\scripts\stringio-example-2.py <-- rosetta /home/shangraw/pyth_std_lib_cdfiles/PythonStandardLibrary/scripts stringio-example-2.py
101.04.12 18:57 B C:\Documents and Settings\eray\Desktop\PythonStandardLibrary\scripts\stringio-example-3.py <-- rosetta /home/shangraw/pyth_std_lib_cdfiles/PythonStandardLibrary/scripts stringio-example-3.py
101.04.12 18:57 B C:\Documents and Settings\eray\Desktop\PythonStandardLibrary\scripts\strop-example-1.py <-- rosetta /home/shangraw/pyth_std_lib_cdfiles/PythonStandardLibrary/scripts strop-example-1.py
101.04.12 18:57 B C:\Documents and Settings\eray\Desktop\PythonStandardLibrary\scripts\strptime.py <-- rosetta /home/shangraw/pyth_std_lib_cdfiles/PythonStandardLibrary/scripts strptime.py
101.04.12 18:57 B C:\Documents and Settings\eray\Desktop\PythonStandardLibrary\scripts\struct-example-1.py <-- rosetta /home/shangraw/pyth_std_lib_cdfiles/PythonStandardLibrary/scripts struct-example-1.py
101.04.12 18:57 B C:\Documents and Settings\eray\Desktop\PythonStandardLibrary\scripts\sunau-example-1.py <-- rosetta /home/shangraw/pyth_std_lib_cdfiles/PythonStandardLibrary/scripts sunau-example-1.py
101.04.12 18:57 B C:\Documents and Settings\eray\Desktop\PythonStandardLibrary\scripts\sunaudio-example-1.py <-- rosetta /home/shangraw/pyth_std_lib_cdfiles/PythonStandardLibrary/scripts sunaudio-example-1.py
101.04.12 18:57 B C:\Documents and Settings\eray\Desktop\PythonStandardLibrary\scripts\symbol-example-1.py <-- rosetta /home/shangraw/pyth_std_lib_cdfiles/PythonStandardLibrary/scripts symbol-example-1.py
101.04.12 18:57 B C:\Documents and Settings\eray\Desktop\PythonStandardLibrary\scripts\sys-argv-example-1.py <-- rosetta /home/shangraw/pyth_std_lib_cdfiles/PythonStandardLibrary/scripts sys-argv-example-1.py
101.04.12 18:57 B C:\Documents and Settings\eray\Desktop\PythonStandardLibrary\scripts\sys-builtin-module-names-example-1.py <-- rosetta /home/shangraw/pyth_std_lib_cdfiles/PythonStandardLibrary/scripts sys-builtin-module-names-example-1.py
101.04.12 18:57 B C:\Documents and Settings\eray\Desktop\PythonStandardLibrary\scripts\sys-byteorder-example-1.py <-- rosetta /home/shangraw/pyth_std_lib_cdfiles/PythonStandardLibrary/scripts sys-byteorder-example-1.py
101.04.12 18:57 B C:\Documents and Settings\eray\Desktop\PythonStandardLibrary\scripts\sys-exit-example-1.py <-- rosetta /home/shangraw/pyth_std_lib_cdfiles/PythonStandardLibrary/scripts sys-exit-example-1.py
101.04.12 18:57 B C:\Documents and Settings\eray\Desktop\PythonStandardLibrary\scripts\sys-exit-example-2.py <-- rosetta /home/shangraw/pyth_std_lib_cdfiles/PythonStandardLibrary/scripts sys-exit-example-2.py
101.04.12 18:57 B C:\Documents and Settings\eray\Desktop\PythonStandardLibrary\scripts\sys-exitfunc-example-1.py <-- rosetta /home/shangraw/pyth_std_lib_cdfiles/PythonStandardLibrary/scripts sys-exitfunc-example-1.py
101.04.12 18:57 B C:\Documents and Settings\eray\Desktop\PythonStandardLibrary\scripts\sys-getrefcount-example-1.py <-- rosetta /home/shangraw/pyth_std_lib_cdfiles/PythonStandardLibrary/scripts sys-getrefcount-example-1.py
101.04.12 18:57 B C:\Documents and Settings\eray\Desktop\PythonStandardLibrary\scripts\sys-modules-example-1.py <-- rosetta /home/shangraw/pyth_std_lib_cdfiles/PythonStandardLibrary/scripts sys-modules-example-1.py
101.04.12 18:57 B C:\Documents and Settings\eray\Desktop\PythonStandardLibrary\scripts\sys-path-example-1.py <-- rosetta /home/shangraw/pyth_std_lib_cdfiles/PythonStandardLibrary/scripts sys-path-example-1.py
101.04.12 18:57 B C:\Documents and Settings\eray\Desktop\PythonStandardLibrary\scripts\sys-platform-example-1.py <-- rosetta /home/shangraw/pyth_std_lib_cdfiles/PythonStandardLibrary/scripts sys-platform-example-1.py
101.04.12 18:57 B C:\Documents and Settings\eray\Desktop\PythonStandardLibrary\scripts\sys-setprofiler-example-1.py <-- rosetta /home/shangraw/pyth_std_lib_cdfiles/PythonStandardLibrary/scripts sys-setprofiler-example-1.py
101.04.12 18:57 B C:\Documents and Settings\eray\Desktop\PythonStandardLibrary\scripts\sys-settrace-example-1.py <-- rosetta /home/shangraw/pyth_std_lib_cdfiles/PythonStandardLibrary/scripts sys-settrace-example-1.py
101.04.12 18:57 B C:\Documents and Settings\eray\Desktop\PythonStandardLibrary\scripts\sys-stdout-example-1.py <-- rosetta /home/shangraw/pyth_std_lib_cdfiles/PythonStandardLibrary/scripts sys-stdout-example-1.py
101.04.12 18:57 B C:\Documents and Settings\eray\Desktop\PythonStandardLibrary\scripts\syslog-example-1.py <-- rosetta /home/shangraw/pyth_std_lib_cdfiles/PythonStandardLibrary/scripts syslog-example-1.py
101.04.12 18:57 B C:\Documents and Settings\eray\Desktop\PythonStandardLibrary\scripts\tabnanny-example-1.py <-- rosetta /home/shangraw/pyth_std_lib_cdfiles/PythonStandardLibrary/scripts tabnanny-example-1.py
101.04.12 18:57 B C:\Documents and Settings\eray\Desktop\PythonStandardLibrary\scripts\telnetlib-example-1.py <-- rosetta /home/shangraw/pyth_std_lib_cdfiles/PythonStandardLibrary/scripts telnetlib-example-1.py
101.04.12 18:57 B C:\Documents and Settings\eray\Desktop\PythonStandardLibrary\scripts\tempfile-example-1.py <-- rosetta /home/shangraw/pyth_std_lib_cdfiles/PythonStandardLibrary/scripts tempfile-example-1.py
101.04.12 18:57 B C:\Documents and Settings\eray\Desktop\PythonStandardLibrary\scripts\tempfile-example-2.py <-- rosetta /home/shangraw/pyth_std_lib_cdfiles/PythonStandardLibrary/scripts tempfile-example-2.py
101.04.12 18:57 B C:\Documents and Settings\eray\Desktop\PythonStandardLibrary\scripts\termios-example-1.py <-- rosetta /home/shangraw/pyth_std_lib_cdfiles/PythonStandardLibrary/scripts termios-example-1.py
101.04.12 18:57 B C:\Documents and Settings\eray\Desktop\PythonStandardLibrary\scripts\thread-example-1.py <-- rosetta /home/shangraw/pyth_std_lib_cdfiles/PythonStandardLibrary/scripts thread-example-1.py
101.04.12 18:57 B C:\Documents and Settings\eray\Desktop\PythonStandardLibrary\scripts\threading-example-1.py <-- rosetta /home/shangraw/pyth_std_lib_cdfiles/PythonStandardLibrary/scripts threading-example-1.py
101.04.12 18:57 B C:\Documents and Settings\eray\Desktop\PythonStandardLibrary\scripts\time-example-1.py <-- rosetta /home/shangraw/pyth_std_lib_cdfiles/PythonStandardLibrary/scripts time-example-1.py
101.04.12 18:57 B C:\Documents and Settings\eray\Desktop\PythonStandardLibrary\scripts\time-example-2.py <-- rosetta /home/shangraw/pyth_std_lib_cdfiles/PythonStandardLibrary/scripts time-example-2.py
101.04.12 18:57 B C:\Documents and Settings\eray\Desktop\PythonStandardLibrary\scripts\time-example-3.py <-- rosetta /home/shangraw/pyth_std_lib_cdfiles/PythonStandardLibrary/scripts time-example-3.py
101.04.12 18:57 B C:\Documents and Settings\eray\Desktop\PythonStandardLibrary\scripts\time-example-4.py <-- rosetta /home/shangraw/pyth_std_lib_cdfiles/PythonStandardLibrary/scripts time-example-4.py
101.04.12 18:57 B C:\Documents and Settings\eray\Desktop\PythonStandardLibrary\scripts\time-example-5.py <-- rosetta /home/shangraw/pyth_std_lib_cdfiles/PythonStandardLibrary/scripts time-example-5.py
101.04.12 18:57 B C:\Documents and Settings\eray\Desktop\PythonStandardLibrary\scripts\time-example-6.py <-- rosetta /home/shangraw/pyth_std_lib_cdfiles/PythonStandardLibrary/scripts time-example-6.py
101.04.12 18:57 B C:\Documents and Settings\eray\Desktop\PythonStandardLibrary\scripts\timeclient.py <-- rosetta /home/shangraw/pyth_std_lib_cdfiles/PythonStandardLibrary/scripts timeclient.py
101.04.12 18:57 B C:\Documents and Settings\eray\Desktop\PythonStandardLibrary\scripts\timing-example-1.py <-- rosetta /home/shangraw/pyth_std_lib_cdfiles/PythonStandardLibrary/scripts timing-example-1.py
101.04.12 18:57 B C:\Documents and Settings\eray\Desktop\PythonStandardLibrary\scripts\timing-example-2.py <-- rosetta /home/shangraw/pyth_std_lib_cdfiles/PythonStandardLibrary/scripts timing-example-2.py
101.04.12 18:57 B C:\Documents and Settings\eray\Desktop\PythonStandardLibrary\scripts\token-example-1.py <-- rosetta /home/shangraw/pyth_std_lib_cdfiles/PythonStandardLibrary/scripts token-example-1.py
101.04.12 18:57 B C:\Documents and Settings\eray\Desktop\PythonStandardLibrary\scripts\tokenize-example-1.py <-- rosetta /home/shangraw/pyth_std_lib_cdfiles/PythonStandardLibrary/scripts tokenize-example-1.py
101.04.12 18:57 B C:\Documents and Settings\eray\Desktop\PythonStandardLibrary\scripts\traceback-example-1.py <-- rosetta /home/shangraw/pyth_std_lib_cdfiles/PythonStandardLibrary/scripts traceback-example-1.py
101.04.12 18:57 B C:\Documents and Settings\eray\Desktop\PythonStandardLibrary\scripts\traceback-example-2.py <-- rosetta /home/shangraw/pyth_std_lib_cdfiles/PythonStandardLibrary/scripts traceback-example-2.py
101.04.12 18:57 B C:\Documents and Settings\eray\Desktop\PythonStandardLibrary\scripts\traceback-example-3.py <-- rosetta /home/shangraw/pyth_std_lib_cdfiles/PythonStandardLibrary/scripts traceback-example-3.py
101.04.12 18:57 B C:\Documents and Settings\eray\Desktop\PythonStandardLibrary\scripts\tty-example-1.py <-- rosetta /home/shangraw/pyth_std_lib_cdfiles/PythonStandardLibrary/scripts tty-example-1.py
101.04.12 18:57 B C:\Documents and Settings\eray\Desktop\PythonStandardLibrary\scripts\types-example-1.py <-- rosetta /home/shangraw/pyth_std_lib_cdfiles/PythonStandardLibrary/scripts types-example-1.py
101.04.12 18:57 B C:\Documents and Settings\eray\Desktop\PythonStandardLibrary\scripts\tzparse-example-1.py <-- rosetta /home/shangraw/pyth_std_lib_cdfiles/PythonStandardLibrary/scripts tzparse-example-1.py
101.04.12 18:57 B C:\Documents and Settings\eray\Desktop\PythonStandardLibrary\scripts\ucnhash-example-1.py <-- rosetta /home/shangraw/pyth_std_lib_cdfiles/PythonStandardLibrary/scripts ucnhash-example-1.py
101.04.12 18:57 B C:\Documents and Settings\eray\Desktop\PythonStandardLibrary\scripts\unicodedata-example-1.py <-- rosetta /home/shangraw/pyth_std_lib_cdfiles/PythonStandardLibrary/scripts unicodedata-example-1.py
101.04.12 18:57 B C:\Documents and Settings\eray\Desktop\PythonStandardLibrary\scripts\urllib-example-1.py <-- rosetta /home/shangraw/pyth_std_lib_cdfiles/PythonStandardLibrary/scripts urllib-example-1.py
101.04.12 18:57 B C:\Documents and Settings\eray\Desktop\PythonStandardLibrary\scripts\urllib-example-3.py <-- rosetta /home/shangraw/pyth_std_lib_cdfiles/PythonStandardLibrary/scripts urllib-example-3.py
101.04.12 18:57 B C:\Documents and Settings\eray\Desktop\PythonStandardLibrary\scripts\urlparse-example-1.py <-- rosetta /home/shangraw/pyth_std_lib_cdfiles/PythonStandardLibrary/scripts urlparse-example-1.py
101.04.12 18:57 B C:\Documents and Settings\eray\Desktop\PythonStandardLibrary\scripts\urlparse-example-2.py <-- rosetta /home/shangraw/pyth_std_lib_cdfiles/PythonStandardLibrary/scripts urlparse-example-2.py
101.04.12 18:57 B C:\Documents and Settings\eray\Desktop\PythonStandardLibrary\scripts\urlparse-example-3.py <-- rosetta /home/shangraw/pyth_std_lib_cdfiles/PythonStandardLibrary/scripts urlparse-example-3.py
101.04.12 18:57 B C:\Documents and Settings\eray\Desktop\PythonStandardLibrary\scripts\urlparse-example-4.py <-- rosetta /home/shangraw/pyth_std_lib_cdfiles/PythonStandardLibrary/scripts urlparse-example-4.py
101.04.12 18:57 B C:\Documents and Settings\eray\Desktop\PythonStandardLibrary\scripts\userdict-example-1.py <-- rosetta /home/shangraw/pyth_std_lib_cdfiles/PythonStandardLibrary/scripts userdict-example-1.py
101.04.12 18:57 B C:\Documents and Settings\eray\Desktop\PythonStandardLibrary\scripts\userlist-example-1.py <-- rosetta /home/shangraw/pyth_std_lib_cdfiles/PythonStandardLibrary/scripts userlist-example-1.py
101.04.12 18:57 B C:\Documents and Settings\eray\Desktop\PythonStandardLibrary\scripts\userstring-example-1.py <-- rosetta /home/shangraw/pyth_std_lib_cdfiles/PythonStandardLibrary/scripts userstring-example-1.py
101.04.12 18:57 B C:\Documents and Settings\eray\Desktop\PythonStandardLibrary\scripts\util-example-1.py <-- rosetta /home/shangraw/pyth_std_lib_cdfiles/PythonStandardLibrary/scripts util-example-1.py
101.04.12 18:57 B C:\Documents and Settings\eray\Desktop\PythonStandardLibrary\scripts\util-example-2.py <-- rosetta /home/shangraw/pyth_std_lib_cdfiles/PythonStandardLibrary/scripts util-example-2.py
101.04.12 18:57 B C:\Documents and Settings\eray\Desktop\PythonStandardLibrary\scripts\util-example-3.py <-- rosetta /home/shangraw/pyth_std_lib_cdfiles/PythonStandardLibrary/scripts util-example-3.py
101.04.12 18:57 B C:\Documents and Settings\eray\Desktop\PythonStandardLibrary\scripts\uu-example-1.py <-- rosetta /home/shangraw/pyth_std_lib_cdfiles/PythonStandardLibrary/scripts uu-example-1.py
101.04.12 18:57 B C:\Documents and Settings\eray\Desktop\PythonStandardLibrary\scripts\uu-example-2.py <-- rosetta /home/shangraw/pyth_std_lib_cdfiles/PythonStandardLibrary/scripts uu-example-2.py
101.04.12 18:57 B C:\Documents and Settings\eray\Desktop\PythonStandardLibrary\scripts\wave-example-1.py <-- rosetta /home/shangraw/pyth_std_lib_cdfiles/PythonStandardLibrary/scripts wave-example-1.py
101.04.12 18:57 B C:\Documents and Settings\eray\Desktop\PythonStandardLibrary\scripts\webbrowser-example-1.py <-- rosetta /home/shangraw/pyth_std_lib_cdfiles/PythonStandardLibrary/scripts webbrowser-example-1.py
101.04.12 18:57 B C:\Documents and Settings\eray\Desktop\PythonStandardLibrary\scripts\whatsound-example-1.py <-- rosetta /home/shangraw/pyth_std_lib_cdfiles/PythonStandardLibrary/scripts whatsound-example-1.py
101.04.12 18:57 B C:\Documents and Settings\eray\Desktop\PythonStandardLibrary\scripts\whichdb-example-1.py <-- rosetta /home/shangraw/pyth_std_lib_cdfiles/PythonStandardLibrary/scripts whichdb-example-1.py
101.04.12 18:57 B C:\Documents and Settings\eray\Desktop\PythonStandardLibrary\scripts\whrandom-example-1.py <-- rosetta /home/shangraw/pyth_std_lib_cdfiles/PythonStandardLibrary/scripts whrandom-example-1.py
101.04.12 18:57 B C:\Documents and Settings\eray\Desktop\PythonStandardLibrary\scripts\whrandom-example-2.py <-- rosetta /home/shangraw/pyth_std_lib_cdfiles/PythonStandardLibrary/scripts whrandom-example-2.py
101.04.12 18:57 B C:\Documents and Settings\eray\Desktop\PythonStandardLibrary\scripts\winreg-example-1.py <-- rosetta /home/shangraw/pyth_std_lib_cdfiles/PythonStandardLibrary/scripts winreg-example-1.py
101.04.12 18:57 B C:\Documents and Settings\eray\Desktop\PythonStandardLibrary\scripts\winsound-example-1.py <-- rosetta /home/shangraw/pyth_std_lib_cdfiles/PythonStandardLibrary/scripts winsound-example-1.py
101.04.12 18:57 B C:\Documents and Settings\eray\Desktop\PythonStandardLibrary\scripts\xdrlib-example-1.py <-- rosetta /home/shangraw/pyth_std_lib_cdfiles/PythonStandardLibrary/scripts xdrlib-example-1.py
101.04.12 18:57 B C:\Documents and Settings\eray\Desktop\PythonStandardLibrary\scripts\xdrlib-example-2.py <-- rosetta /home/shangraw/pyth_std_lib_cdfiles/PythonStandardLibrary/scripts xdrlib-example-2.py
101.04.12 18:57 B C:\Documents and Settings\eray\Desktop\PythonStandardLibrary\scripts\xml-parsers-expat-example-1.py <-- rosetta /home/shangraw/pyth_std_lib_cdfiles/PythonStandardLibrary/scripts xml-parsers-expat-example-1.py
101.04.12 18:57 B C:\Documents and Settings\eray\Desktop\PythonStandardLibrary\scripts\xml-parsers-expat-example-2.py <-- rosetta /home/shangraw/pyth_std_lib_cdfiles/PythonStandardLibrary/scripts xml-parsers-expat-example-2.py
101.04.12 18:57 B C:\Documents and Settings\eray\Desktop\PythonStandardLibrary\scripts\xmllib-example-1.py <-- rosetta /home/shangraw/pyth_std_lib_cdfiles/PythonStandardLibrary/scripts xmllib-example-1.py
101.04.12 18:57 B C:\Documents and Settings\eray\Desktop\PythonStandardLibrary\scripts\xmllib-example-2.py <-- rosetta /home/shangraw/pyth_std_lib_cdfiles/PythonStandardLibrary/scripts xmllib-example-2.py
101.04.12 18:57 B C:\Documents and Settings\eray\Desktop\PythonStandardLibrary\scripts\zipfile-example-1.py <-- rosetta /home/shangraw/pyth_std_lib_cdfiles/PythonStandardLibrary/scripts zipfile-example-1.py
101.04.12 18:57 B C:\Documents and Settings\eray\Desktop\PythonStandardLibrary\scripts\zipfile-example-2.py <-- rosetta /home/shangraw/pyth_std_lib_cdfiles/PythonStandardLibrary/scripts zipfile-example-2.py
101.04.12 18:57 B C:\Documents and Settings\eray\Desktop\PythonStandardLibrary\scripts\zipfile-example-3.py <-- rosetta /home/shangraw/pyth_std_lib_cdfiles/PythonStandardLibrary/scripts zipfile-example-3.py
101.04.12 18:57 B C:\Documents and Settings\eray\Desktop\PythonStandardLibrary\scripts\zipfile-example-4.py <-- rosetta /home/shangraw/pyth_std_lib_cdfiles/PythonStandardLibrary/scripts zipfile-example-4.py
101.04.12 18:57 B C:\Documents and Settings\eray\Desktop\PythonStandardLibrary\scripts\zlib-example-1.py <-- rosetta /home/shangraw/pyth_std_lib_cdfiles/PythonStandardLibrary/scripts zlib-example-1.py
101.04.12 18:57 B C:\Documents and Settings\eray\Desktop\PythonStandardLibrary\scripts\zlib-example-2.py <-- rosetta /home/shangraw/pyth_std_lib_cdfiles/PythonStandardLibrary/scripts zlib-example-2.py
101.04.12 18:57 B C:\Documents and Settings\eray\Desktop\PythonStandardLibrary\scripts\zlib-example-3.py <-- rosetta /home/shangraw/pyth_std_lib_cdfiles/PythonStandardLibrary/scripts zlib-example-3.py
101.04.12 18:57 B C:\Documents and Settings\eray\Desktop\PythonStandardLibrary\scripts\zlib-example-4.py <-- rosetta /home/shangraw/pyth_std_lib_cdfiles/PythonStandardLibrary/scripts zlib-example-4.py
